2025-10-25 08:17:34 [background-preinit] INFO  o.h.validator.internal.util.Version - HV000001: Hibernate Validator 8.0.2.Final
2025-10-25 08:17:34 [main] INFO  c.a.r.a.RateAndReviewServiceApplication - Starting RateAndReviewServiceApplication using Java 17.0.11 with PID 13492 (E:\Practice\Micro Services\rate-and-review-service\target\classes started by mdala in E:\Practice\Micro Services\rate-and-review-service)
2025-10-25 08:17:34 [main] INFO  c.a.r.a.RateAndReviewServiceApplication - No active profile set, falling back to 1 default profile: "default"
2025-10-25 08:17:37 [main] INFO  o.s.d.r.c.RepositoryConfigurationDelegate - Bootstrapping Spring Data MongoDB repositories in DEFAULT mode.
2025-10-25 08:17:37 [main] INFO  o.s.d.r.c.RepositoryConfigurationDelegate - Finished Spring Data repository scanning in 114 ms. Found 1 MongoDB repository interface.
2025-10-25 08:17:38 [main] INFO  o.s.b.w.e.tomcat.TomcatWebServer - Tomcat initialized with port 8282 (http)
2025-10-25 08:17:38 [main] INFO  o.a.coyote.http11.Http11NioProtocol - Initializing ProtocolHandler ["http-nio-8282"]
2025-10-25 08:17:38 [main] INFO  o.a.catalina.core.StandardService - Starting service [Tomcat]
2025-10-25 08:17:38 [main] INFO  o.a.catalina.core.StandardEngine - Starting Servlet engine: [Apache Tomcat/10.1.42]
2025-10-25 08:17:38 [main] INFO  o.a.c.c.C.[Tomcat].[localhost].[/] - Initializing Spring embedded WebApplicationContext
2025-10-25 08:17:38 [main] INFO  o.s.b.w.s.c.ServletWebServerApplicationContext - Root WebApplicationContext: initialization completed in 3660 ms
2025-10-25 08:17:40 [main] INFO  org.mongodb.driver.client - MongoClient with metadata {"driver": {"name": "mongo-java-driver|sync|spring-boot", "version": "5.2.1"}, "os": {"type": "Windows", "name": "Windows 11", "architecture": "amd64", "version": "10.0"}, "platform": "Java/Oracle Corporation/17.0.11+7-LTS-207"} created with settings MongoClientSettings{readPreference=primary, writeConcern=WriteConcern{w=null, wTimeout=null ms, journal=null}, retryWrites=true, retryReads=true, readConcern=ReadConcern{level=null}, credential=null, transportSettings=null, commandListeners=[io.micrometer.core.instrument.binder.mongodb.MongoMetricsCommandListener@5458c71e], codecRegistry=ProvidersCodecRegistry{codecProviders=[ValueCodecProvider{}, BsonValueCodecProvider{}, DBRefCodecProvider{}, DBObjectCodecProvider{}, DocumentCodecProvider{}, CollectionCodecProvider{}, IterableCodecProvider{}, MapCodecProvider{}, GeoJsonCodecProvider{}, GridFSFileCodecProvider{}, Jsr310CodecProvider{}, JsonObjectCodecProvider{}, BsonCodecProvider{}, EnumCodecProvider{}, com.mongodb.client.model.mql.ExpressionCodecProvider@1ffd0114, com.mongodb.Jep395RecordCodecProvider@b3857e2, com.mongodb.KotlinCodecProvider@25a290ee]}, loggerSettings=LoggerSettings{maxDocumentLength=1000}, clusterSettings={hosts=[localhost:27017], srvServiceName=mongodb, mode=SINGLE, requiredClusterType=UNKNOWN, requiredReplicaSetName='null', serverSelector='null', clusterListeners='[]', serverSelectionTimeout='30000 ms', localThreshold='15 ms'}, socketSettings=SocketSettings{connectTimeoutMS=10000, readTimeoutMS=0, receiveBufferSize=0, proxySettings=ProxySettings{host=null, port=null, username=null, password=null}}, heartbeatSocketSettings=SocketSettings{connectTimeoutMS=10000, readTimeoutMS=10000, receiveBufferSize=0, proxySettings=ProxySettings{host=null, port=null, username=null, password=null}}, connectionPoolSettings=ConnectionPoolSettings{maxSize=100, minSize=0, maxWaitTimeMS=120000, maxConnectionLifeTimeMS=0, maxConnectionIdleTimeMS=0, maintenanceInitialDelayMS=0, maintenanceFrequencyMS=60000, connectionPoolListeners=[io.micrometer.core.instrument.binder.mongodb.MongoMetricsConnectionPoolListener@37d0d373], maxConnecting=2}, serverSettings=ServerSettings{heartbeatFrequencyMS=10000, minHeartbeatFrequencyMS=500, serverMonitoringMode=AUTO, serverListeners='[]', serverMonitorListeners='[]'}, sslSettings=SslSettings{enabled=false, invalidHostNameAllowed=false, context=null}, applicationName='null', compressorList=[], uuidRepresentation=JAVA_LEGACY, serverApi=null, autoEncryptionSettings=null, dnsClient=null, inetAddressResolver=null, contextProvider=null, timeoutMS=null}
2025-10-25 08:17:40 [cluster-ClusterId{value='68fc3a4ba31bf42ffbfbd1f5', description='null'}-localhost:27017] INFO  org.mongodb.driver.cluster - Monitor thread successfully connected to server with description ServerDescription{address=localhost:27017, type=STANDALONE, cryptd=false, state=CONNECTED, ok=true, minWireVersion=0, maxWireVersion=27, maxDocumentSize=16777216, logicalSessionTimeoutMinutes=30, roundTripTimeNanos=71775500, minRoundTripTimeNanos=0}
2025-10-25 08:17:41 [main] INFO  o.s.b.a.e.web.EndpointLinksResolver - Exposing 3 endpoints beneath base path '/actuator'
2025-10-25 08:17:41 [main] INFO  o.a.coyote.http11.Http11NioProtocol - Starting ProtocolHandler ["http-nio-8282"]
2025-10-25 08:17:42 [main] INFO  o.s.b.w.e.tomcat.TomcatWebServer - Tomcat started on port 8282 (http) with context path '/'
2025-10-25 08:17:42 [main] INFO  c.a.r.a.RateAndReviewServiceApplication - Started RateAndReviewServiceApplication in 9.953 seconds (process running for 11.087)
2025-10-25 08:20:54 [http-nio-8282-exec-1] INFO  o.a.c.c.C.[Tomcat].[localhost].[/] - Initializing Spring DispatcherServlet 'dispatcherServlet'
2025-10-25 08:20:54 [http-nio-8282-exec-1] INFO  o.s.web.servlet.DispatcherServlet - Initializing Servlet 'dispatcherServlet'
2025-10-25 08:20:54 [http-nio-8282-exec-1] INFO  o.s.web.servlet.DispatcherServlet - Completed initialization in 2 ms
2025-10-25 08:20:54 [http-nio-8282-exec-1] INFO  c.a.r.a.controller.ReviewController - ReviewService :- getAllReviews()2025-10-25T08:20:54.515461500
2025-10-25 08:20:54 [http-nio-8282-exec-1] INFO  c.a.r.a.s.impl.ReviewServiceImpl - ReviewServiceImpl :: getAllReviews()2025-10-25T08:20:54.518466200
2025-10-25 08:20:54 [http-nio-8282-exec-1] ERROR c.a.r.a.s.impl.ReviewServiceImpl - ReviewServiceImpl::getAllReviews ->  No Review found:- 2025-10-25T08:20:54.837493400
2025-10-25 08:20:54 [http-nio-8282-exec-1] ERROR c.a.r.a.c.ReviewServiceGlobalException - BrandServiceGlobalExceptionHandler::handleBrandNotFoundException caught No Review found:. []
2025-10-25 11:59:51 [SpringApplicationShutdownHook] INFO  o.s.b.w.e.tomcat.GracefulShutdown - Commencing graceful shutdown. Waiting for active requests to complete
2025-10-25 11:59:51 [tomcat-shutdown] INFO  o.s.b.w.e.tomcat.GracefulShutdown - Graceful shutdown complete
